<?xml version="1.0" encoding="UTF-8"?>
<!-- Generated by org.testng.reporters.JUnitXMLReporter -->
<testsuite ignored="2" hostname="Balaji" failures="1" tests="7" name="Mapsted Test" time="140.341" errors="0" timestamp="2026-04-23T16:27:12 IST">
  <testcase classname="com.mapsted.tests.LoginPageValidationTest" name="testUIElementsVisibility" time="0.928"/>
  <testcase classname="com.mapsted.tests.LoginPageValidationTest" name="testInvalidLoginErrorMessage" time="5.965"/>
  <testcase classname="com.mapsted.tests.LoginPageValidationTest" name="testSuccessfulLogin" time="12.771"/>
  <testcase classname="com.mapsted.tests.PropertyListingTest" name="validateScreenAndTitle" time="0.639"/>
  <testcase classname="com.mapsted.tests.PropertyListingTest" name="fetchAndPrintAllProperties" time="56.816"/>
  <testcase classname="com.mapsted.tests.PropertyListingTest" name="validatePropertiesMissingAddress" time="0.003"/>
  <testcase classname="com.mapsted.tests.PropertyListingTest" name="downloadFirstPropertyAndValidateTime" time="63.104">
    <failure type="org.openqa.selenium.TimeoutException" message="Expected condition failed: waiting for element to be clickable: By.xpath: (//androidx.cardview.widget.CardView[@resource-id=&amp;apos;com.mapsted.demo:id/card&amp;apos;])[1]//android.widget.TextView[@resource-id=&amp;apos;com.mapsted.demo:id/tvDownloadStatus&amp;apos;] (tried for 60 second(s) with 500 milliseconds interval)
Build info: version: &amp;apos;4.11.0&amp;apos;, revision: &amp;apos;040bc5406b&amp;apos;
System info: os.name: &amp;apos;Windows 11&amp;apos;, os.arch: &amp;apos;amd64&amp;apos;, os.version: &amp;apos;10.0&amp;apos;, java.version: &amp;apos;21.0.9&amp;apos;
Driver info: io.appium.java_client.android.AndroidDriver
Capabilities {appium:appActivity: com.mapsted.demo.activities..., appium:appPackage: com.mapsted.demo, appium:automationName: UiAutomator2, appium:databaseEnabled: false, appium:desired: {appActivity: com.mapsted.demo.activities..., appPackage: com.mapsted.demo, automationName: UiAutomator2, deviceName: Android Device, noReset: true, platformName: ANDROID, udid: 7e7dfb26}, appium:deviceApiLevel: 34, appium:deviceManufacturer: Xiaomi, appium:deviceModel: M2012K11I, appium:deviceName: 7e7dfb26, appium:deviceScreenDensity: 440, appium:deviceScreenSize: 1080x2400, appium:deviceUDID: 7e7dfb26, appium:javascriptEnabled: true, appium:locationContextEnabled: false, appium:networkConnectionEnabled: true, appium:noReset: true, appium:pixelRatio: 2.75, appium:platformVersion: 14, appium:statBarHeight: 80, appium:takesScreenshot: true, appium:udid: 7e7dfb26, appium:viewportRect: {height: 2320, left: 0, top: 80, width: 1080}, appium:warnings: {}, appium:webStorageEnabled: false, platformName: ANDROID}
Session ID: cf054186-ac15-4f0a-ba13-f22707f25e66">
      <![CDATA[org.openqa.selenium.TimeoutException: Expected condition failed: waiting for element to be clickable: By.xpath: (//androidx.cardview.widget.CardView[@resource-id='com.mapsted.demo:id/card'])[1]//android.widget.TextView[@resource-id='com.mapsted.demo:id/tvDownloadStatus'] (tried for 60 second(s) with 500 milliseconds interval)
Build info: version: '4.11.0', revision: '040bc5406b'
System info: os.name: 'Windows 11', os.arch: 'amd64', os.version: '10.0', java.version: '21.0.9'
Driver info: io.appium.java_client.android.AndroidDriver
Capabilities {appium:appActivity: com.mapsted.demo.activities..., appium:appPackage: com.mapsted.demo, appium:automationName: UiAutomator2, appium:databaseEnabled: false, appium:desired: {appActivity: com.mapsted.demo.activities..., appPackage: com.mapsted.demo, automationName: UiAutomator2, deviceName: Android Device, noReset: true, platformName: ANDROID, udid: 7e7dfb26}, appium:deviceApiLevel: 34, appium:deviceManufacturer: Xiaomi, appium:deviceModel: M2012K11I, appium:deviceName: 7e7dfb26, appium:deviceScreenDensity: 440, appium:deviceScreenSize: 1080x2400, appium:deviceUDID: 7e7dfb26, appium:javascriptEnabled: true, appium:locationContextEnabled: false, appium:networkConnectionEnabled: true, appium:noReset: true, appium:pixelRatio: 2.75, appium:platformVersion: 14, appium:statBarHeight: 80, appium:takesScreenshot: true, appium:udid: 7e7dfb26, appium:viewportRect: {height: 2320, left: 0, top: 80, width: 1080}, appium:warnings: {}, appium:webStorageEnabled: false, platformName: ANDROID}
Session ID: cf054186-ac15-4f0a-ba13-f22707f25e66
at org.openqa.selenium.support.ui.WebDriverWait.timeoutException(WebDriverWait.java:84)
at org.openqa.selenium.support.ui.FluentWait.until(FluentWait.java:230)
at com.mapsted.tests.PropertyListingTest.downloadFirstPropertyAndValidateTime(PropertyListingTest.java:90)
at java.base/java.util.ArrayList.forEach(ArrayList.java:1596)
... Removed 25 stack frames]]>
    </failure>
  </testcase> <!-- downloadFirstPropertyAndValidateTime -->
  <testcase classname="com.mapsted.base.BaseTest" name="@AfterSuite tearDown" time="0.0">
    <ignored/>
  </testcase> <!-- @AfterSuite tearDown -->
  <testcase classname="com.mapsted.base.BaseTest" name="@BeforeSuite setup" time="0.0">
    <ignored/>
  </testcase> <!-- @BeforeSuite setup -->
</testsuite> <!-- Mapsted Test -->
