<?xml version="1.0" encoding="UTF-8"?>
<!-- Generated by org.testng.reporters.JUnitReportReporter -->
<testsuite hostname="Balaji" failures="0" tests="3" name="com.mapsted.tests.LoginPageValidationTest" time="19.664" errors="0" timestamp="2026-04-23T16:27:12 IST" skipped="0">
  <testcase classname="com.mapsted.tests.LoginPageValidationTest" name="testUIElementsVisibility" time="0.928"/>
  <system-out/>
  <testcase classname="com.mapsted.tests.LoginPageValidationTest" name="testInvalidLoginErrorMessage" time="5.965"/>
  <system-out/>
  <testcase classname="com.mapsted.tests.LoginPageValidationTest" name="testSuccessfulLogin" time="12.771"/>
  <system-out/>
</testsuite> <!-- com.mapsted.tests.LoginPageValidationTest -->
